ARM GAS  /tmp/ccHM3pzM.s 			page 1


   1              		.syntax unified
   2              		.cpu cortex-m4
   3              		.eabi_attribute 27, 1
   4              		.eabi_attribute 28, 1
   5              		.fpu fpv4-sp-d16
   6              		.eabi_attribute 20, 1
   7              		.eabi_attribute 21, 1
   8              		.eabi_attribute 23, 3
   9              		.eabi_attribute 24, 1
  10              		.eabi_attribute 25, 1
  11              		.eabi_attribute 26, 1
  12              		.eabi_attribute 30, 1
  13              		.eabi_attribute 34, 1
  14              		.eabi_attribute 18, 4
  15              		.thumb
  16              		.syntax unified
  17              		.file	"adcfastsum16.c"
  18              		.text
  19              	.Ltext0:
  20              		.cfi_sections	.debug_frame
  21              		.section	.text.adcfastsum16,"ax",%progbits
  22              		.align	2
  23              		.global	adcfastsum16
  24              		.thumb
  25              		.thumb_func
  27              	adcfastsum16:
  28              	.LFB0:
  29              		.file 1 "Ourtasks/adcfastsum16.c"
   1:Ourtasks/adcfastsum16.c **** /******************************************************************************
   2:Ourtasks/adcfastsum16.c **** * File Name          : adcfastsum16.c
   3:Ourtasks/adcfastsum16.c **** * Date First Issued  : 03/16/2019
   4:Ourtasks/adcfastsum16.c **** * Description        : Fast sum: ADC DMA buffering--16 sequences, 'N' channels
   5:Ourtasks/adcfastsum16.c **** *******************************************************************************/
   6:Ourtasks/adcfastsum16.c **** 
   7:Ourtasks/adcfastsum16.c **** #include "adcfastsum16.h"
   8:Ourtasks/adcfastsum16.c **** #include "adcparams.h"
   9:Ourtasks/adcfastsum16.c **** 
  10:Ourtasks/adcfastsum16.c **** /* *************************************************************************
  11:Ourtasks/adcfastsum16.c ****  * void adcfastsum16(uint16_t* psum, uint16_t* pdma);
  12:Ourtasks/adcfastsum16.c ****  *	@brief	: Inline fast summation: ASSUMES 16 ADC sequences: channels: ADC1IDX_ADCSCANSIZE
  13:Ourtasks/adcfastsum16.c ****  * @param	: psum = pointer to sum
  14:Ourtasks/adcfastsum16.c ****  * @param	: pdma = pointer to dma buffer
  15:Ourtasks/adcfastsum16.c ****  * *************************************************************************/
  16:Ourtasks/adcfastsum16.c **** void adcfastsum16(uint16_t* psum, uint16_t* pdma)
  17:Ourtasks/adcfastsum16.c **** {
  30              		.loc 1 17 0
  31              		.cfi_startproc
  32              		@ args = 0, pretend = 0, frame = 24
  33              		@ frame_needed = 0, uses_anonymous_args = 0
  34              	.LVL0:
  35 0000 2DE9F04F 		push	{r4, r5, r6, r7, r8, r9, r10, fp, lr}
  36              	.LCFI0:
  37              		.cfi_def_cfa_offset 36
  38              		.cfi_offset 4, -36
  39              		.cfi_offset 5, -32
  40              		.cfi_offset 6, -28
  41              		.cfi_offset 7, -24
ARM GAS  /tmp/ccHM3pzM.s 			page 2


  42              		.cfi_offset 8, -20
  43              		.cfi_offset 9, -16
  44              		.cfi_offset 10, -12
  45              		.cfi_offset 11, -8
  46              		.cfi_offset 14, -4
  47 0004 87B0     		sub	sp, sp, #28
  48              	.LCFI1:
  49              		.cfi_def_cfa_offset 64
  50 0006 8646     		mov	lr, r0
  51 0008 8C46     		mov	ip, r1
  18:Ourtasks/adcfastsum16.c **** 	uint16_t* pend = psum + ADC1IDX_ADCSCANSIZE;
  52              		.loc 1 18 0
  53 000a 00F11403 		add	r3, r0, #20
  54 000e 0593     		str	r3, [sp, #20]
  55              	.LVL1:
  56              	.L2:
  19:Ourtasks/adcfastsum16.c **** 	do
  20:Ourtasks/adcfastsum16.c **** 	{
  21:Ourtasks/adcfastsum16.c **** 		*psum = *pdma
  57              		.loc 1 21 0 discriminator 1
  58 0010 BCF800B0 		ldrh	fp, [ip]
  22:Ourtasks/adcfastsum16.c **** 		 + *(pdma + ADC1IDX_ADCSCANSIZE * 1)
  59              		.loc 1 22 0 discriminator 1
  60 0014 BCF81430 		ldrh	r3, [ip, #20]
  23:Ourtasks/adcfastsum16.c **** 		 + *(pdma + ADC1IDX_ADCSCANSIZE * 2)
  61              		.loc 1 23 0 discriminator 1
  62 0018 BCF828A0 		ldrh	r10, [ip, #40]
  24:Ourtasks/adcfastsum16.c **** 		 + *(pdma + ADC1IDX_ADCSCANSIZE * 3)
  63              		.loc 1 24 0 discriminator 1
  64 001c BCF83C90 		ldrh	r9, [ip, #60]
  25:Ourtasks/adcfastsum16.c **** 		 + *(pdma + ADC1IDX_ADCSCANSIZE * 4)
  65              		.loc 1 25 0 discriminator 1
  66 0020 BCF85080 		ldrh	r8, [ip, #80]
  26:Ourtasks/adcfastsum16.c **** 		 + *(pdma + ADC1IDX_ADCSCANSIZE * 5)
  67              		.loc 1 26 0 discriminator 1
  68 0024 BCF86470 		ldrh	r7, [ip, #100]
  27:Ourtasks/adcfastsum16.c **** 		 + *(pdma + ADC1IDX_ADCSCANSIZE * 6)
  69              		.loc 1 27 0 discriminator 1
  70 0028 BCF87860 		ldrh	r6, [ip, #120]
  28:Ourtasks/adcfastsum16.c **** 		 + *(pdma + ADC1IDX_ADCSCANSIZE * 7)
  71              		.loc 1 28 0 discriminator 1
  72 002c BCF88C50 		ldrh	r5, [ip, #140]
  29:Ourtasks/adcfastsum16.c **** 		 + *(pdma + ADC1IDX_ADCSCANSIZE * 8)
  73              		.loc 1 29 0 discriminator 1
  74 0030 BCF8A020 		ldrh	r2, [ip, #160]
  75 0034 0192     		str	r2, [sp, #4]
  30:Ourtasks/adcfastsum16.c **** 		 + *(pdma + ADC1IDX_ADCSCANSIZE * 9)
  76              		.loc 1 30 0 discriminator 1
  77 0036 BCF8B410 		ldrh	r1, [ip, #180]
  78 003a 0291     		str	r1, [sp, #8]
  31:Ourtasks/adcfastsum16.c **** 		 + *(pdma + ADC1IDX_ADCSCANSIZE *10)
  79              		.loc 1 31 0 discriminator 1
  80 003c BCF8C800 		ldrh	r0, [ip, #200]
  81 0040 0390     		str	r0, [sp, #12]
  32:Ourtasks/adcfastsum16.c **** 		 + *(pdma + ADC1IDX_ADCSCANSIZE *11)
  82              		.loc 1 32 0 discriminator 1
  83 0042 BCF8DC40 		ldrh	r4, [ip, #220]
ARM GAS  /tmp/ccHM3pzM.s 			page 3


  84 0046 0494     		str	r4, [sp, #16]
  33:Ourtasks/adcfastsum16.c **** 		 + *(pdma + ADC1IDX_ADCSCANSIZE *12)
  85              		.loc 1 33 0 discriminator 1
  86 0048 BCF8F040 		ldrh	r4, [ip, #240]
  34:Ourtasks/adcfastsum16.c **** 		 + *(pdma + ADC1IDX_ADCSCANSIZE *13)
  87              		.loc 1 34 0 discriminator 1
  88 004c BCF80401 		ldrh	r0, [ip, #260]
  35:Ourtasks/adcfastsum16.c **** 		 + *(pdma + ADC1IDX_ADCSCANSIZE *14)
  89              		.loc 1 35 0 discriminator 1
  90 0050 BCF81811 		ldrh	r1, [ip, #280]
  36:Ourtasks/adcfastsum16.c **** 		 + *(pdma + ADC1IDX_ADCSCANSIZE *15);
  91              		.loc 1 36 0 discriminator 1
  92 0054 BCF82C21 		ldrh	r2, [ip, #300]
  21:Ourtasks/adcfastsum16.c **** 		 + *(pdma + ADC1IDX_ADCSCANSIZE * 1)
  93              		.loc 1 21 0 discriminator 1
  94 0058 5B44     		add	r3, r3, fp
  95 005a 5344     		add	r3, r3, r10
  96 005c 4B44     		add	r3, r3, r9
  97 005e 4344     		add	r3, r3, r8
  98 0060 3B44     		add	r3, r3, r7
  99 0062 3344     		add	r3, r3, r6
 100 0064 2B44     		add	r3, r3, r5
 101 0066 019D     		ldr	r5, [sp, #4]
 102 0068 2B44     		add	r3, r3, r5
 103 006a 029D     		ldr	r5, [sp, #8]
 104 006c 2B44     		add	r3, r3, r5
 105 006e 039D     		ldr	r5, [sp, #12]
 106 0070 2B44     		add	r3, r3, r5
 107 0072 049D     		ldr	r5, [sp, #16]
 108 0074 2B44     		add	r3, r3, r5
 109 0076 1C44     		add	r4, r4, r3
 110 0078 2044     		add	r0, r0, r4
 111 007a 0144     		add	r1, r1, r0
 112 007c 0A44     		add	r2, r2, r1
 113 007e 2EF8022B 		strh	r2, [lr], #2	@ movhi
 114              	.LVL2:
  37:Ourtasks/adcfastsum16.c **** 
  38:Ourtasks/adcfastsum16.c **** 		psum += 1;
  39:Ourtasks/adcfastsum16.c **** 		pdma += 1;
 115              		.loc 1 39 0 discriminator 1
 116 0082 0CF1020C 		add	ip, ip, #2
 117              	.LVL3:
  40:Ourtasks/adcfastsum16.c **** 	} while (psum != pend);
 118              		.loc 1 40 0 discriminator 1
 119 0086 059B     		ldr	r3, [sp, #20]
 120 0088 7345     		cmp	r3, lr
 121 008a C1D1     		bne	.L2
  41:Ourtasks/adcfastsum16.c **** 	return;
  42:Ourtasks/adcfastsum16.c **** }
 122              		.loc 1 42 0
 123 008c 07B0     		add	sp, sp, #28
 124              	.LCFI2:
 125              		.cfi_def_cfa_offset 36
 126              		@ sp needed
 127 008e BDE8F08F 		pop	{r4, r5, r6, r7, r8, r9, r10, fp, pc}
 128              		.cfi_endproc
 129              	.LFE0:
ARM GAS  /tmp/ccHM3pzM.s 			page 4


 131 0092 00BF     		.text
 132              	.Letext0:
 133              		.file 2 "/home/deh/launchpad/gcc-arm-none-eabi-5_4-2016q3/arm-none-eabi/include/machine/_default_t
 134              		.file 3 "/home/deh/launchpad/gcc-arm-none-eabi-5_4-2016q3/arm-none-eabi/include/sys/_stdint.h"
ARM GAS  /tmp/ccHM3pzM.s 			page 5


DEFINED SYMBOLS
                            *ABS*:00000000 adcfastsum16.c
     /tmp/ccHM3pzM.s:22     .text.adcfastsum16:00000000 $t
     /tmp/ccHM3pzM.s:27     .text.adcfastsum16:00000000 adcfastsum16
                     .debug_frame:00000010 $d

NO UNDEFINED SYMBOLS
